<?xml version="1.0" encoding="UTF-8"?>
<testsuite xmlns:xsi="http://www.w3.org/2001/XMLSchema-instance" xsi:noNamespaceSchemaLocation="https://maven.apache.org/surefire/maven-surefire-plugin/xsd/surefire-test-report-3.0.xsd" version="3.0" name="ReservaTest" time="0.018" tests="5" errors="0" skipped="0" failures="0">
  <properties>
[...]
</properties>
  <testcase name="testToStringDeReserva" classname="ReservaTest" time="0.006"/>
  <testcase name="cadastrarReservaVagasIndisponiveis" classname="ReservaTest" time="0.001"/>
  <testcase name="reservaDuplicadaPassageiroVoo" classname="ReservaTest" time="0.003"/>
  <testcase name="listarReservasApos2Registros" classname="ReservaTest" time="0.001"/>
  <testcase name="cadastrarReservaVagasDisponiveis" classname="ReservaTest" time="0.001"/>
</testsuite>